ERROR - 2024-11-13 16:22:12 --> Error connecting to the database: mysqli_sql_exception: No connection could be made because the target machine actively refused it in C:\xampp\htdocs\BlogWS_Codeigniter\system\Database\MySQLi\Connection.php:186
Stack trace:
#0 C:\xampp\htdocs\BlogWS_Codeigniter\system\Database\MySQLi\Connection.php(186): mysqli->real_connect('localhost', 'root', Object(SensitiveParameterValue), 'BLOG-CODEIGNITE...', 3306, '', 0)
#1 C:\xampp\htdocs\BlogWS_Codeigniter\system\Database\BaseConnection.php(421): CodeIgniter\Database\MySQLi\Connection->connect(false)
#2 C:\xampp\htdocs\BlogWS_Codeigniter\system\Database\BaseConnection.php(616): CodeIgniter\Database\BaseConnection->initialize()
#3 C:\xampp\htdocs\BlogWS_Codeigniter\system\Database\BaseBuilder.php(1644): CodeIgniter\Database\BaseConnection->query('SELECT *\nFROM `...', Array, false)
#4 C:\xampp\htdocs\BlogWS_Codeigniter\vendor\codeigniter4\settings\src\Handlers\DatabaseHandler.php(186): CodeIgniter\Database\BaseBuilder->get()
#5 C:\xampp\htdocs\BlogWS_Codeigniter\vendor\codeigniter4\settings\src\Handlers\DatabaseHandler.php(51): CodeIgniter\Settings\Handlers\DatabaseHandler->hydrate(NULL)
#6 C:\xampp\htdocs\BlogWS_Codeigniter\vendor\codeigniter4\settings\src\Settings.php(59): CodeIgniter\Settings\Handlers\DatabaseHandler->has('Config\\Auth', 'sessionConfig', NULL)
#7 C:\xampp\htdocs\BlogWS_Codeigniter\vendor\codeigniter4\settings\src\Helpers\setting_helper.php(25): CodeIgniter\Settings\Settings->get('Auth.sessionCon...')
#8 C:\xampp\htdocs\BlogWS_Codeigniter\vendor\codeigniter4\shield\src\Authentication\Authenticators\Session.php(685): setting('Auth.sessionCon...')
#9 C:\xampp\htdocs\BlogWS_Codeigniter\vendor\codeigniter4\shield\src\Authentication\Authenticators\Session.php(703): CodeIgniter\Shield\Authentication\Authenticators\Session->getSessionUserInfo()
#10 C:\xampp\htdocs\BlogWS_Codeigniter\vendor\codeigniter4\shield\src\Authentication\Authenticators\Session.php(390): CodeIgniter\Shield\Authentication\Authenticators\Session->getSessionUserKey('id')
#11 C:\xampp\htdocs\BlogWS_Codeigniter\vendor\codeigniter4\shield\src\Authentication\Authenticators\Session.php(374): CodeIgniter\Shield\Authentication\Authenticators\Session->checkUserState()
#12 C:\xampp\htdocs\BlogWS_Codeigniter\vendor\codeigniter4\shield\src\Auth.php(103): CodeIgniter\Shield\Authentication\Authenticators\Session->loggedIn()
#13 C:\xampp\htdocs\BlogWS_Codeigniter\app\Views\layout\app.php(72): CodeIgniter\Shield\Auth->user()
#14 C:\xampp\htdocs\BlogWS_Codeigniter\system\View\View.php(234): include('C:\\xampp\\htdocs...')
#15 C:\xampp\htdocs\BlogWS_Codeigniter\system\View\View.php(237): CodeIgniter\View\View->CodeIgniter\View\{closure}()
#16 C:\xampp\htdocs\BlogWS_Codeigniter\system\View\View.php(250): CodeIgniter\View\View->render('layout/app', Array, true)
#17 C:\xampp\htdocs\BlogWS_Codeigniter\system\Common.php(1171): CodeIgniter\View\View->render('home', Array, true)
#18 C:\xampp\htdocs\BlogWS_Codeigniter\app\Controllers\Home.php(9): view('home')
#19 C:\xampp\htdocs\BlogWS_Codeigniter\system\CodeIgniter.php(933): App\Controllers\Home->index()
#20 C:\xampp\htdocs\BlogWS_Codeigniter\system\CodeIgniter.php(509): CodeIgniter\CodeIgniter->runController(Object(App\Controllers\Home))
#21 C:\xampp\htdocs\BlogWS_Codeigniter\system\CodeIgniter.php(355): CodeIgniter\CodeIgniter->handleRequest(NULL, Object(Config\Cache), false)
#22 C:\xampp\htdocs\BlogWS_Codeigniter\system\Boot.php(325): CodeIgniter\CodeIgniter->run()
#23 C:\xampp\htdocs\BlogWS_Codeigniter\system\Boot.php(67): CodeIgniter\Boot::runCodeIgniter(Object(CodeIgniter\CodeIgniter))
#24 C:\xampp\htdocs\BlogWS_Codeigniter\public\index.php(56): CodeIgniter\Boot::bootWeb(Object(Config\Paths))
#25 C:\xampp\htdocs\BlogWS_Codeigniter\system\rewrite.php(44): require_once('C:\\xampp\\htdocs...')
#26 {main}

Next CodeIgniter\Database\Exceptions\DatabaseException: No connection could be made because the target machine actively refused it in C:\xampp\htdocs\BlogWS_Codeigniter\system\Database\MySQLi\Connection.php:231
Stack trace:
#0 C:\xampp\htdocs\BlogWS_Codeigniter\system\Database\BaseConnection.php(421): CodeIgniter\Database\MySQLi\Connection->connect(false)
#1 C:\xampp\htdocs\BlogWS_Codeigniter\system\Database\BaseConnection.php(616): CodeIgniter\Database\BaseConnection->initialize()
#2 C:\xampp\htdocs\BlogWS_Codeigniter\system\Database\BaseBuilder.php(1644): CodeIgniter\Database\BaseConnection->query('SELECT *\nFROM `...', Array, false)
#3 C:\xampp\htdocs\BlogWS_Codeigniter\vendor\codeigniter4\settings\src\Handlers\DatabaseHandler.php(186): CodeIgniter\Database\BaseBuilder->get()
#4 C:\xampp\htdocs\BlogWS_Codeigniter\vendor\codeigniter4\settings\src\Handlers\DatabaseHandler.php(51): CodeIgniter\Settings\Handlers\DatabaseHandler->hydrate(NULL)
#5 C:\xampp\htdocs\BlogWS_Codeigniter\vendor\codeigniter4\settings\src\Settings.php(59): CodeIgniter\Settings\Handlers\DatabaseHandler->has('Config\\Auth', 'sessionConfig', NULL)
#6 C:\xampp\htdocs\BlogWS_Codeigniter\vendor\codeigniter4\settings\src\Helpers\setting_helper.php(25): CodeIgniter\Settings\Settings->get('Auth.sessionCon...')
#7 C:\xampp\htdocs\BlogWS_Codeigniter\vendor\codeigniter4\shield\src\Authentication\Authenticators\Session.php(685): setting('Auth.sessionCon...')
#8 C:\xampp\htdocs\BlogWS_Codeigniter\vendor\codeigniter4\shield\src\Authentication\Authenticators\Session.php(703): CodeIgniter\Shield\Authentication\Authenticators\Session->getSessionUserInfo()
#9 C:\xampp\htdocs\BlogWS_Codeigniter\vendor\codeigniter4\shield\src\Authentication\Authenticators\Session.php(390): CodeIgniter\Shield\Authentication\Authenticators\Session->getSessionUserKey('id')
#10 C:\xampp\htdocs\BlogWS_Codeigniter\vendor\codeigniter4\shield\src\Authentication\Authenticators\Session.php(374): CodeIgniter\Shield\Authentication\Authenticators\Session->checkUserState()
#11 C:\xampp\htdocs\BlogWS_Codeigniter\vendor\codeigniter4\shield\src\Auth.php(103): CodeIgniter\Shield\Authentication\Authenticators\Session->loggedIn()
#12 C:\xampp\htdocs\BlogWS_Codeigniter\app\Views\layout\app.php(72): CodeIgniter\Shield\Auth->user()
#13 C:\xampp\htdocs\BlogWS_Codeigniter\system\View\View.php(234): include('C:\\xampp\\htdocs...')
#14 C:\xampp\htdocs\BlogWS_Codeigniter\system\View\View.php(237): CodeIgniter\View\View->CodeIgniter\View\{closure}()
#15 C:\xampp\htdocs\BlogWS_Codeigniter\system\View\View.php(250): CodeIgniter\View\View->render('layout/app', Array, true)
#16 C:\xampp\htdocs\BlogWS_Codeigniter\system\Common.php(1171): CodeIgniter\View\View->render('home', Array, true)
#17 C:\xampp\htdocs\BlogWS_Codeigniter\app\Controllers\Home.php(9): view('home')
#18 C:\xampp\htdocs\BlogWS_Codeigniter\system\CodeIgniter.php(933): App\Controllers\Home->index()
#19 C:\xampp\htdocs\BlogWS_Codeigniter\system\CodeIgniter.php(509): CodeIgniter\CodeIgniter->runController(Object(App\Controllers\Home))
#20 C:\xampp\htdocs\BlogWS_Codeigniter\system\CodeIgniter.php(355): CodeIgniter\CodeIgniter->handleRequest(NULL, Object(Config\Cache), false)
#21 C:\xampp\htdocs\BlogWS_Codeigniter\system\Boot.php(325): CodeIgniter\CodeIgniter->run()
#22 C:\xampp\htdocs\BlogWS_Codeigniter\system\Boot.php(67): CodeIgniter\Boot::runCodeIgniter(Object(CodeIgniter\CodeIgniter))
#23 C:\xampp\htdocs\BlogWS_Codeigniter\public\index.php(56): CodeIgniter\Boot::bootWeb(Object(Config\Paths))
#24 C:\xampp\htdocs\BlogWS_Codeigniter\system\rewrite.php(44): require_once('C:\\xampp\\htdocs...')
#25 {main}
CRITICAL - 2024-11-13 16:22:12 --> CodeIgniter\Database\Exceptions\DatabaseException: Unable to connect to the database.
Main connection [MySQLi]: No connection could be made because the target machine actively refused it
[Method: GET, Route: /]
in SYSTEMPATH\Database\BaseConnection.php on line 467.
 1 SYSTEMPATH\Database\BaseConnection.php(616): CodeIgniter\Database\BaseConnection->initialize()
 2 SYSTEMPATH\Database\BaseBuilder.php(1644): CodeIgniter\Database\BaseConnection->query('SELECT *
FROM `settings`
WHERE `context` IS NULL', [], false)
 3 VENDORPATH\codeigniter4\settings\src\Handlers\DatabaseHandler.php(186): CodeIgniter\Database\BaseBuilder->get()
 4 VENDORPATH\codeigniter4\settings\src\Handlers\DatabaseHandler.php(51): CodeIgniter\Settings\Handlers\DatabaseHandler->hydrate(null)
 5 VENDORPATH\codeigniter4\settings\src\Settings.php(59): CodeIgniter\Settings\Handlers\DatabaseHandler->has('Config\\Auth', 'sessionConfig', null)
 6 VENDORPATH\codeigniter4\settings\src\Helpers\setting_helper.php(25): CodeIgniter\Settings\Settings->get('Auth.sessionConfig')
 7 VENDORPATH\codeigniter4\shield\src\Authentication\Authenticators\Session.php(685): setting('Auth.sessionConfig')
 8 VENDORPATH\codeigniter4\shield\src\Authentication\Authenticators\Session.php(703): CodeIgniter\Shield\Authentication\Authenticators\Session->getSessionUserInfo()
 9 VENDORPATH\codeigniter4\shield\src\Authentication\Authenticators\Session.php(390): CodeIgniter\Shield\Authentication\Authenticators\Session->getSessionUserKey('id')
10 VENDORPATH\codeigniter4\shield\src\Authentication\Authenticators\Session.php(374): CodeIgniter\Shield\Authentication\Authenticators\Session->checkUserState()
11 VENDORPATH\codeigniter4\shield\src\Auth.php(103): CodeIgniter\Shield\Authentication\Authenticators\Session->loggedIn()
12 APPPATH\Views\layout\app.php(72): CodeIgniter\Shield\Auth->user()
13 SYSTEMPATH\View\View.php(234): include('C:\\xampp\\htdocs\\BlogWS_Codeigniter\\app\\Views\\layout\\app.php')
14 SYSTEMPATH\View\View.php(237): CodeIgniter\View\View->CodeIgniter\View\{closure}()
15 SYSTEMPATH\View\View.php(250): CodeIgniter\View\View->render('layout/app', [], true)
16 SYSTEMPATH\Common.php(1171): CodeIgniter\View\View->render('home', [], true)
17 APPPATH\Controllers\Home.php(9): view('home')
18 SYSTEMPATH\CodeIgniter.php(933): App\Controllers\Home->index()
19 SYSTEMPATH\CodeIgniter.php(509): CodeIgniter\CodeIgniter->runController(Object(App\Controllers\Home))
20 SYSTEMPATH\CodeIgniter.php(355): CodeIgniter\CodeIgniter->handleRequest(null, Object(Config\Cache), false)
21 SYSTEMPATH\Boot.php(325): CodeIgniter\CodeIgniter->run()
22 SYSTEMPATH\Boot.php(67): CodeIgniter\Boot::runCodeIgniter(Object(CodeIgniter\CodeIgniter))
23 FCPATH\index.php(56): CodeIgniter\Boot::bootWeb(Object(Config\Paths))
24 SYSTEMPATH\rewrite.php(44): require_once('C:\\xampp\\htdocs\\BlogWS_Codeigniter\\public\\index.php')
ERROR - 2024-11-13 16:22:18 --> Error connecting to the database: mysqli_sql_exception: No connection could be made because the target machine actively refused it in C:\xampp\htdocs\BlogWS_Codeigniter\system\Database\MySQLi\Connection.php:186
Stack trace:
#0 C:\xampp\htdocs\BlogWS_Codeigniter\system\Database\MySQLi\Connection.php(186): mysqli->real_connect('localhost', 'root', Object(SensitiveParameterValue), 'BLOG-CODEIGNITE...', 3306, '', 0)
#1 C:\xampp\htdocs\BlogWS_Codeigniter\system\Database\BaseConnection.php(421): CodeIgniter\Database\MySQLi\Connection->connect(false)
#2 C:\xampp\htdocs\BlogWS_Codeigniter\system\Database\BaseConnection.php(616): CodeIgniter\Database\BaseConnection->initialize()
#3 C:\xampp\htdocs\BlogWS_Codeigniter\system\Database\BaseBuilder.php(1644): CodeIgniter\Database\BaseConnection->query('SELECT *\nFROM `...', Array, false)
#4 C:\xampp\htdocs\BlogWS_Codeigniter\vendor\codeigniter4\settings\src\Handlers\DatabaseHandler.php(186): CodeIgniter\Database\BaseBuilder->get()
#5 C:\xampp\htdocs\BlogWS_Codeigniter\vendor\codeigniter4\settings\src\Handlers\DatabaseHandler.php(51): CodeIgniter\Settings\Handlers\DatabaseHandler->hydrate(NULL)
#6 C:\xampp\htdocs\BlogWS_Codeigniter\vendor\codeigniter4\settings\src\Settings.php(59): CodeIgniter\Settings\Handlers\DatabaseHandler->has('Config\\Auth', 'sessionConfig', NULL)
#7 C:\xampp\htdocs\BlogWS_Codeigniter\vendor\codeigniter4\settings\src\Helpers\setting_helper.php(25): CodeIgniter\Settings\Settings->get('Auth.sessionCon...')
#8 C:\xampp\htdocs\BlogWS_Codeigniter\vendor\codeigniter4\shield\src\Authentication\Authenticators\Session.php(685): setting('Auth.sessionCon...')
#9 C:\xampp\htdocs\BlogWS_Codeigniter\vendor\codeigniter4\shield\src\Authentication\Authenticators\Session.php(703): CodeIgniter\Shield\Authentication\Authenticators\Session->getSessionUserInfo()
#10 C:\xampp\htdocs\BlogWS_Codeigniter\vendor\codeigniter4\shield\src\Authentication\Authenticators\Session.php(390): CodeIgniter\Shield\Authentication\Authenticators\Session->getSessionUserKey('id')
#11 C:\xampp\htdocs\BlogWS_Codeigniter\vendor\codeigniter4\shield\src\Authentication\Authenticators\Session.php(374): CodeIgniter\Shield\Authentication\Authenticators\Session->checkUserState()
#12 C:\xampp\htdocs\BlogWS_Codeigniter\vendor\codeigniter4\shield\src\Auth.php(103): CodeIgniter\Shield\Authentication\Authenticators\Session->loggedIn()
#13 C:\xampp\htdocs\BlogWS_Codeigniter\app\Views\layout\app.php(72): CodeIgniter\Shield\Auth->user()
#14 C:\xampp\htdocs\BlogWS_Codeigniter\system\View\View.php(234): include('C:\\xampp\\htdocs...')
#15 C:\xampp\htdocs\BlogWS_Codeigniter\system\View\View.php(237): CodeIgniter\View\View->CodeIgniter\View\{closure}()
#16 C:\xampp\htdocs\BlogWS_Codeigniter\system\View\View.php(250): CodeIgniter\View\View->render('layout/app', Array, true)
#17 C:\xampp\htdocs\BlogWS_Codeigniter\system\Common.php(1171): CodeIgniter\View\View->render('home', Array, true)
#18 C:\xampp\htdocs\BlogWS_Codeigniter\app\Controllers\Home.php(9): view('home')
#19 C:\xampp\htdocs\BlogWS_Codeigniter\system\CodeIgniter.php(933): App\Controllers\Home->index()
#20 C:\xampp\htdocs\BlogWS_Codeigniter\system\CodeIgniter.php(509): CodeIgniter\CodeIgniter->runController(Object(App\Controllers\Home))
#21 C:\xampp\htdocs\BlogWS_Codeigniter\system\CodeIgniter.php(355): CodeIgniter\CodeIgniter->handleRequest(NULL, Object(Config\Cache), false)
#22 C:\xampp\htdocs\BlogWS_Codeigniter\system\Boot.php(325): CodeIgniter\CodeIgniter->run()
#23 C:\xampp\htdocs\BlogWS_Codeigniter\system\Boot.php(67): CodeIgniter\Boot::runCodeIgniter(Object(CodeIgniter\CodeIgniter))
#24 C:\xampp\htdocs\BlogWS_Codeigniter\public\index.php(56): CodeIgniter\Boot::bootWeb(Object(Config\Paths))
#25 C:\xampp\htdocs\BlogWS_Codeigniter\system\rewrite.php(44): require_once('C:\\xampp\\htdocs...')
#26 {main}

Next CodeIgniter\Database\Exceptions\DatabaseException: No connection could be made because the target machine actively refused it in C:\xampp\htdocs\BlogWS_Codeigniter\system\Database\MySQLi\Connection.php:231
Stack trace:
#0 C:\xampp\htdocs\BlogWS_Codeigniter\system\Database\BaseConnection.php(421): CodeIgniter\Database\MySQLi\Connection->connect(false)
#1 C:\xampp\htdocs\BlogWS_Codeigniter\system\Database\BaseConnection.php(616): CodeIgniter\Database\BaseConnection->initialize()
#2 C:\xampp\htdocs\BlogWS_Codeigniter\system\Database\BaseBuilder.php(1644): CodeIgniter\Database\BaseConnection->query('SELECT *\nFROM `...', Array, false)
#3 C:\xampp\htdocs\BlogWS_Codeigniter\vendor\codeigniter4\settings\src\Handlers\DatabaseHandler.php(186): CodeIgniter\Database\BaseBuilder->get()
#4 C:\xampp\htdocs\BlogWS_Codeigniter\vendor\codeigniter4\settings\src\Handlers\DatabaseHandler.php(51): CodeIgniter\Settings\Handlers\DatabaseHandler->hydrate(NULL)
#5 C:\xampp\htdocs\BlogWS_Codeigniter\vendor\codeigniter4\settings\src\Settings.php(59): CodeIgniter\Settings\Handlers\DatabaseHandler->has('Config\\Auth', 'sessionConfig', NULL)
#6 C:\xampp\htdocs\BlogWS_Codeigniter\vendor\codeigniter4\settings\src\Helpers\setting_helper.php(25): CodeIgniter\Settings\Settings->get('Auth.sessionCon...')
#7 C:\xampp\htdocs\BlogWS_Codeigniter\vendor\codeigniter4\shield\src\Authentication\Authenticators\Session.php(685): setting('Auth.sessionCon...')
#8 C:\xampp\htdocs\BlogWS_Codeigniter\vendor\codeigniter4\shield\src\Authentication\Authenticators\Session.php(703): CodeIgniter\Shield\Authentication\Authenticators\Session->getSessionUserInfo()
#9 C:\xampp\htdocs\BlogWS_Codeigniter\vendor\codeigniter4\shield\src\Authentication\Authenticators\Session.php(390): CodeIgniter\Shield\Authentication\Authenticators\Session->getSessionUserKey('id')
#10 C:\xampp\htdocs\BlogWS_Codeigniter\vendor\codeigniter4\shield\src\Authentication\Authenticators\Session.php(374): CodeIgniter\Shield\Authentication\Authenticators\Session->checkUserState()
#11 C:\xampp\htdocs\BlogWS_Codeigniter\vendor\codeigniter4\shield\src\Auth.php(103): CodeIgniter\Shield\Authentication\Authenticators\Session->loggedIn()
#12 C:\xampp\htdocs\BlogWS_Codeigniter\app\Views\layout\app.php(72): CodeIgniter\Shield\Auth->user()
#13 C:\xampp\htdocs\BlogWS_Codeigniter\system\View\View.php(234): include('C:\\xampp\\htdocs...')
#14 C:\xampp\htdocs\BlogWS_Codeigniter\system\View\View.php(237): CodeIgniter\View\View->CodeIgniter\View\{closure}()
#15 C:\xampp\htdocs\BlogWS_Codeigniter\system\View\View.php(250): CodeIgniter\View\View->render('layout/app', Array, true)
#16 C:\xampp\htdocs\BlogWS_Codeigniter\system\Common.php(1171): CodeIgniter\View\View->render('home', Array, true)
#17 C:\xampp\htdocs\BlogWS_Codeigniter\app\Controllers\Home.php(9): view('home')
#18 C:\xampp\htdocs\BlogWS_Codeigniter\system\CodeIgniter.php(933): App\Controllers\Home->index()
#19 C:\xampp\htdocs\BlogWS_Codeigniter\system\CodeIgniter.php(509): CodeIgniter\CodeIgniter->runController(Object(App\Controllers\Home))
#20 C:\xampp\htdocs\BlogWS_Codeigniter\system\CodeIgniter.php(355): CodeIgniter\CodeIgniter->handleRequest(NULL, Object(Config\Cache), false)
#21 C:\xampp\htdocs\BlogWS_Codeigniter\system\Boot.php(325): CodeIgniter\CodeIgniter->run()
#22 C:\xampp\htdocs\BlogWS_Codeigniter\system\Boot.php(67): CodeIgniter\Boot::runCodeIgniter(Object(CodeIgniter\CodeIgniter))
#23 C:\xampp\htdocs\BlogWS_Codeigniter\public\index.php(56): CodeIgniter\Boot::bootWeb(Object(Config\Paths))
#24 C:\xampp\htdocs\BlogWS_Codeigniter\system\rewrite.php(44): require_once('C:\\xampp\\htdocs...')
#25 {main}
CRITICAL - 2024-11-13 16:22:18 --> CodeIgniter\Database\Exceptions\DatabaseException: Unable to connect to the database.
Main connection [MySQLi]: No connection could be made because the target machine actively refused it
[Method: GET, Route: /]
in SYSTEMPATH\Database\BaseConnection.php on line 467.
 1 SYSTEMPATH\Database\BaseConnection.php(616): CodeIgniter\Database\BaseConnection->initialize()
 2 SYSTEMPATH\Database\BaseBuilder.php(1644): CodeIgniter\Database\BaseConnection->query('SELECT *
FROM `settings`
WHERE `context` IS NULL', [], false)
 3 VENDORPATH\codeigniter4\settings\src\Handlers\DatabaseHandler.php(186): CodeIgniter\Database\BaseBuilder->get()
 4 VENDORPATH\codeigniter4\settings\src\Handlers\DatabaseHandler.php(51): CodeIgniter\Settings\Handlers\DatabaseHandler->hydrate(null)
 5 VENDORPATH\codeigniter4\settings\src\Settings.php(59): CodeIgniter\Settings\Handlers\DatabaseHandler->has('Config\\Auth', 'sessionConfig', null)
 6 VENDORPATH\codeigniter4\settings\src\Helpers\setting_helper.php(25): CodeIgniter\Settings\Settings->get('Auth.sessionConfig')
 7 VENDORPATH\codeigniter4\shield\src\Authentication\Authenticators\Session.php(685): setting('Auth.sessionConfig')
 8 VENDORPATH\codeigniter4\shield\src\Authentication\Authenticators\Session.php(703): CodeIgniter\Shield\Authentication\Authenticators\Session->getSessionUserInfo()
 9 VENDORPATH\codeigniter4\shield\src\Authentication\Authenticators\Session.php(390): CodeIgniter\Shield\Authentication\Authenticators\Session->getSessionUserKey('id')
10 VENDORPATH\codeigniter4\shield\src\Authentication\Authenticators\Session.php(374): CodeIgniter\Shield\Authentication\Authenticators\Session->checkUserState()
11 VENDORPATH\codeigniter4\shield\src\Auth.php(103): CodeIgniter\Shield\Authentication\Authenticators\Session->loggedIn()
12 APPPATH\Views\layout\app.php(72): CodeIgniter\Shield\Auth->user()
13 SYSTEMPATH\View\View.php(234): include('C:\\xampp\\htdocs\\BlogWS_Codeigniter\\app\\Views\\layout\\app.php')
14 SYSTEMPATH\View\View.php(237): CodeIgniter\View\View->CodeIgniter\View\{closure}()
15 SYSTEMPATH\View\View.php(250): CodeIgniter\View\View->render('layout/app', [], true)
16 SYSTEMPATH\Common.php(1171): CodeIgniter\View\View->render('home', [], true)
17 APPPATH\Controllers\Home.php(9): view('home')
18 SYSTEMPATH\CodeIgniter.php(933): App\Controllers\Home->index()
19 SYSTEMPATH\CodeIgniter.php(509): CodeIgniter\CodeIgniter->runController(Object(App\Controllers\Home))
20 SYSTEMPATH\CodeIgniter.php(355): CodeIgniter\CodeIgniter->handleRequest(null, Object(Config\Cache), false)
21 SYSTEMPATH\Boot.php(325): CodeIgniter\CodeIgniter->run()
22 SYSTEMPATH\Boot.php(67): CodeIgniter\Boot::runCodeIgniter(Object(CodeIgniter\CodeIgniter))
23 FCPATH\index.php(56): CodeIgniter\Boot::bootWeb(Object(Config\Paths))
24 SYSTEMPATH\rewrite.php(44): require_once('C:\\xampp\\htdocs\\BlogWS_Codeigniter\\public\\index.php')
INFO - 2024-11-13 16:22:44 --> Session: Class initialized using 'CodeIgniter\Session\Handlers\FileHandler' driver.
INFO - 2024-11-13 16:23:30 --> Session: Class initialized using 'CodeIgniter\Session\Handlers\FileHandler' driver.
INFO - 2024-11-13 16:23:31 --> Session: Class initialized using 'CodeIgniter\Session\Handlers\FileHandler' driver.
INFO - 2024-11-13 16:23:35 --> Session: Class initialized using 'CodeIgniter\Session\Handlers\FileHandler' driver.
INFO - 2024-11-13 16:23:43 --> Session: Class initialized using 'CodeIgniter\Session\Handlers\FileHandler' driver.
INFO - 2024-11-13 20:14:14 --> Session: Class initialized using 'CodeIgniter\Session\Handlers\FileHandler' driver.
INFO - 2024-11-13 20:14:22 --> Session: Class initialized using 'CodeIgniter\Session\Handlers\FileHandler' driver.
INFO - 2024-11-13 20:14:27 --> Session: Class initialized using 'CodeIgniter\Session\Handlers\FileHandler' driver.
